<?xml version="1.0" encoding="UTF-8"?>
<testsuite xmlns:xsi="http://www.w3.org/2001/XMLSchema-instance" xsi:noNamespaceSchemaLocation="https://maven.apache.org/surefire/maven-surefire-plugin/xsd/surefire-test-report.xsd" name="nl.nusayba.oose.domain.services.TrackServiceTest" time="0.002" tests="2" errors="0" skipped="0" failures="1">
  <properties>
[...]
</properties>
  <testcase name="testGetTracksWithValidToken" classname="nl.nusayba.oose.domain.services.TrackServiceTest" time="0.001">
    <failure message="expected: &lt;2&gt; but was: &lt;8&gt;" type="org.opentest4j.AssertionFailedError"><![CDATA[org.opentest4j.AssertionFailedError: expected: <2> but was: <8>
	at nl.nusayba.oose.domain.services.TrackServiceTest.testGetTracksWithValidToken(TrackServiceTest.java:24)
]]></failure>
  </testcase>
  <testcase name="testGetTracksWithInvalidToken" classname="nl.nusayba.oose.domain.services.TrackServiceTest" time="0"/>
</testsuite>